c:\users\roder\source\year 2 repos\goop-master\dependencies\glfw3\obj\debug-windows-x86_64\glfw\glfw.pdb
c:\users\roder\source\year 2 repos\goop-master\dependencies\glfw3\obj\debug-windows-x86_64\glfw\window.obj
c:\users\roder\source\year 2 repos\goop-master\dependencies\glfw3\obj\debug-windows-x86_64\glfw\win32_window.obj
c:\users\roder\source\year 2 repos\goop-master\dependencies\glfw3\obj\debug-windows-x86_64\glfw\win32_time.obj
c:\users\roder\source\year 2 repos\goop-master\dependencies\glfw3\obj\debug-windows-x86_64\glfw\win32_thread.obj
c:\users\roder\source\year 2 repos\goop-master\dependencies\glfw3\obj\debug-windows-x86_64\glfw\win32_monitor.obj
c:\users\roder\source\year 2 repos\goop-master\dependencies\glfw3\obj\debug-windows-x86_64\glfw\win32_joystick.obj
c:\users\roder\source\year 2 repos\goop-master\dependencies\glfw3\obj\debug-windows-x86_64\glfw\win32_init.obj
c:\users\roder\source\year 2 repos\goop-master\dependencies\glfw3\obj\debug-windows-x86_64\glfw\wgl_context.obj
c:\users\roder\source\year 2 repos\goop-master\dependencies\glfw3\obj\debug-windows-x86_64\glfw\vulkan.obj
c:\users\roder\source\year 2 repos\goop-master\dependencies\glfw3\obj\debug-windows-x86_64\glfw\osmesa_context.obj
c:\users\roder\source\year 2 repos\goop-master\dependencies\glfw3\obj\debug-windows-x86_64\glfw\monitor.obj
c:\users\roder\source\year 2 repos\goop-master\dependencies\glfw3\obj\debug-windows-x86_64\glfw\input.obj
c:\users\roder\source\year 2 repos\goop-master\dependencies\glfw3\obj\debug-windows-x86_64\glfw\init.obj
c:\users\roder\source\year 2 repos\goop-master\dependencies\glfw3\obj\debug-windows-x86_64\glfw\egl_context.obj
c:\users\roder\source\year 2 repos\goop-master\dependencies\glfw3\obj\debug-windows-x86_64\glfw\context.obj
c:\users\roder\source\year 2 repos\goop-master\dependencies\glfw3\bin\debug-windows-x86_64\glfw\glfw.lib
c:\users\roder\source\year 2 repos\goop-master\dependencies\glfw3\obj\debug-windows-x86_64\glfw\glfw.tlog\cl.command.1.tlog
c:\users\roder\source\year 2 repos\goop-master\dependencies\glfw3\obj\debug-windows-x86_64\glfw\glfw.tlog\cl.read.1.tlog
c:\users\roder\source\year 2 repos\goop-master\dependencies\glfw3\obj\debug-windows-x86_64\glfw\glfw.tlog\cl.write.1.tlog
c:\users\roder\source\year 2 repos\goop-master\dependencies\glfw3\obj\debug-windows-x86_64\glfw\glfw.tlog\lib-link.read.1.tlog
c:\users\roder\source\year 2 repos\goop-master\dependencies\glfw3\obj\debug-windows-x86_64\glfw\glfw.tlog\lib-link.write.1.tlog
c:\users\roder\source\year 2 repos\goop-master\dependencies\glfw3\obj\debug-windows-x86_64\glfw\glfw.tlog\lib.command.1.tlog
