c:\users\roder\source\year 2 repos\goop-master\modules\toolkit\obj\debug-windows-x86_64\toolkit\toolkit.pdb
c:\users\roder\source\year 2 repos\goop-master\modules\toolkit\obj\debug-windows-x86_64\toolkit\toolkit.idb
c:\users\roder\source\year 2 repos\goop-master\modules\toolkit\obj\debug-windows-x86_64\toolkit\texture2d.obj
c:\users\roder\source\year 2 repos\goop-master\modules\toolkit\obj\debug-windows-x86_64\toolkit\ttkcontext.obj
c:\users\roder\source\year 2 repos\goop-master\modules\toolkit\obj\debug-windows-x86_64\toolkit\spritesheetquad.obj
c:\users\roder\source\year 2 repos\goop-master\modules\toolkit\obj\debug-windows-x86_64\toolkit\meshhelper.obj
c:\users\roder\source\year 2 repos\goop-master\modules\toolkit\obj\debug-windows-x86_64\toolkit\input.obj
c:\users\roder\source\year 2 repos\goop-master\modules\toolkit\obj\debug-windows-x86_64\toolkit\graphicsutils.obj
c:\users\roder\source\year 2 repos\goop-master\modules\toolkit\obj\debug-windows-x86_64\toolkit\glfwinput.obj
c:\users\roder\source\year 2 repos\goop-master\modules\toolkit\obj\debug-windows-x86_64\toolkit\fontrenderer.obj
c:\users\roder\source\year 2 repos\goop-master\modules\toolkit\obj\debug-windows-x86_64\toolkit\camera.obj
c:\users\roder\source\year 2 repos\goop-master\modules\toolkit\obj\debug-windows-x86_64\toolkit\sys.obj
c:\users\roder\source\year 2 repos\goop-master\modules\toolkit\obj\debug-windows-x86_64\toolkit\logging.obj
c:\users\roder\source\year 2 repos\goop-master\modules\toolkit\bin\debug-windows-x86_64\toolkit\toolkit.lib
c:\users\roder\source\year 2 repos\goop-master\modules\toolkit\obj\debug-windows-x86_64\toolkit\toolkit.tlog\cl.command.1.tlog
c:\users\roder\source\year 2 repos\goop-master\modules\toolkit\obj\debug-windows-x86_64\toolkit\toolkit.tlog\cl.read.1.tlog
c:\users\roder\source\year 2 repos\goop-master\modules\toolkit\obj\debug-windows-x86_64\toolkit\toolkit.tlog\cl.write.1.tlog
c:\users\roder\source\year 2 repos\goop-master\modules\toolkit\obj\debug-windows-x86_64\toolkit\toolkit.tlog\lib-link.read.1.tlog
c:\users\roder\source\year 2 repos\goop-master\modules\toolkit\obj\debug-windows-x86_64\toolkit\toolkit.tlog\lib-link.write.1.tlog
c:\users\roder\source\year 2 repos\goop-master\modules\toolkit\obj\debug-windows-x86_64\toolkit\toolkit.tlog\lib.command.1.tlog
